  Tile.cpp
  Map.cpp
c:\users\rel\documents\github\kmint\framework\sdlframework\sdlframework\map.cpp(23): warning C4244: '=': conversion from '__int64' to 'int', possible loss of data
c:\users\rel\documents\github\kmint\framework\sdlframework\sdlframework\map.cpp(34): warning C4018: '<': signed/unsigned mismatch
c:\users\rel\documents\github\kmint\framework\sdlframework\sdlframework\map.cpp(38): warning C4018: '<': signed/unsigned mismatch
c:\users\rel\documents\github\kmint\framework\sdlframework\sdlframework\map.cpp(65): warning C4244: 'initializing': conversion from 'double' to 'int', possible loss of data
c:\users\rel\documents\github\kmint\framework\sdlframework\sdlframework\map.cpp(66): warning C4244: 'initializing': conversion from 'double' to 'int', possible loss of data
  ManagerWanderState.cpp
c:\users\rel\documents\github\kmint\framework\sdlframework\sdlframework\managerwanderstate.cpp(25): warning C4244: '=': conversion from 'double' to 'int', possible loss of data
  ManagerVisitArtistState.cpp
c:\users\rel\documents\github\kmint\framework\sdlframework\sdlframework\managervisitartiststate.cpp(24): warning C4244: '=': conversion from 'double' to 'int', possible loss of data
  ManagerState.cpp
  Manager.cpp
  Main.cpp
c:\users\rel\documents\github\kmint\framework\sdlframework\sdlframework\main.cpp(109): warning C4018: '<': signed/unsigned mismatch
c:\users\rel\documents\github\kmint\framework\sdlframework\sdlframework\main.cpp(187): warning C4018: '<': signed/unsigned mismatch
  Globals.cpp
  Fan.cpp
c:\program files (x86)\windows kits\10\include\10.0.10240.0\ucrt\math.h(1001): warning C4005: 'M_PI': macro redefinition
  c:\users\rel\documents\github\kmint\framework\sdl2-2.0.3\include\sdl_stdinc.h(350): note: see previous definition of 'M_PI'
c:\users\rel\documents\github\kmint\framework\sdlframework\sdlframework\fan.cpp(49): warning C4244: 'argument': conversion from 'double' to 'int', possible loss of data
c:\users\rel\documents\github\kmint\framework\sdlframework\sdlframework\fan.cpp(58): warning C4244: 'initializing': conversion from 'double' to 'int', possible loss of data
c:\users\rel\documents\github\kmint\framework\sdlframework\sdlframework\fan.cpp(59): warning C4244: 'initializing': conversion from 'double' to 'int', possible loss of data
c:\users\rel\documents\github\kmint\framework\sdlframework\sdlframework\fan.cpp(60): warning C4244: 'initializing': conversion from 'double' to 'int', possible loss of data
c:\users\rel\documents\github\kmint\framework\sdlframework\sdlframework\fan.cpp(61): warning C4244: 'initializing': conversion from 'double' to 'int', possible loss of data
c:\users\rel\documents\github\kmint\framework\sdlframework\sdlframework\fan.cpp(260): warning C4018: '<': signed/unsigned mismatch
  FWApplication.cpp
c:\users\rel\documents\github\kmint\framework\sdlframework\sdlframework\fwapplication.cpp(268): warning C4838: conversion from 'uint32_t' to 'Uint8' requires a narrowing conversion
  ArtistWanderState.cpp
c:\users\rel\documents\github\kmint\framework\sdlframework\sdlframework\artistwanderstate.cpp(21): warning C4244: '=': conversion from 'double' to 'int', possible loss of data
  ArtistWaitState.cpp
  ArtistState.cpp
  ArtistShopState.cpp
c:\users\rel\documents\github\kmint\framework\sdlframework\sdlframework\artistshopstate.cpp(26): warning C4244: '=': conversion from 'double' to 'int', possible loss of data
  Artist.cpp
  Generating Code...
c:\users\rel\documents\github\kmint\framework\sdlframework\sdlframework\map.cpp(144): warning C4715: 'Map::findPath': not all control paths return a value
c:\users\rel\documents\github\kmint\framework\sdlframework\sdlframework\tile.cpp(19): warning C4715: 'Tile::weight': not all control paths return a value
     Creating library C:\Users\Rel\Documents\GitHub\KMINT\Framework\SDLFramework\Debug\SDLFramework.lib and object C:\Users\Rel\Documents\GitHub\KMINT\Framework\SDLFramework\Debug\SDLFramework.exp
SDL2_gfx.lib(SDL2_gfxPrimitives.obj) : warning LNK4099: PDB 'SDL2_gfx.pdb' was not found with 'SDL2_gfx.lib(SDL2_gfxPrimitives.obj)' or at 'C:\Users\Rel\Documents\GitHub\KMINT\Framework\SDLFramework\Debug\SDL2_gfx.pdb'; linking object as if no debug info
SDL2_gfx.lib(SDL2_rotozoom.obj) : warning LNK4099: PDB 'SDL2_gfx.pdb' was not found with 'SDL2_gfx.lib(SDL2_rotozoom.obj)' or at 'C:\Users\Rel\Documents\GitHub\KMINT\Framework\SDLFramework\Debug\SDL2_gfx.pdb'; linking object as if no debug info
  SDLFramework.vcxproj -> C:\Users\Rel\Documents\GitHub\KMINT\Framework\SDLFramework\Debug\SDLFramework.exe
  SDLFramework.vcxproj -> C:\Users\Rel\Documents\GitHub\KMINT\Framework\SDLFramework\Debug\SDLFramework.pdb (Full PDB)
