c:\users\rel\documents\github\kmint\framework\sdlframework\sdlframework\debug\vc140.pdb
c:\users\rel\documents\github\kmint\framework\sdlframework\sdlframework\debug\vc140.idb
c:\users\rel\documents\github\kmint\framework\sdlframework\sdlframework\debug\artist.obj
c:\users\rel\documents\github\kmint\framework\sdlframework\sdlframework\debug\bird.obj
c:\users\rel\documents\github\kmint\framework\sdlframework\sdlframework\debug\fwapplication.obj
c:\users\rel\documents\github\kmint\framework\sdlframework\sdlframework\debug\graph.obj
c:\users\rel\documents\github\kmint\framework\sdlframework\sdlframework\debug\graphobject.obj
c:\users\rel\documents\github\kmint\framework\sdlframework\sdlframework\debug\main.obj
c:\users\rel\documents\github\kmint\framework\sdlframework\sdlframework\debug\map.obj
c:\users\rel\documents\github\kmint\framework\sdlframework\sdlframework\debug\tile.obj
c:\users\rel\documents\github\kmint\framework\sdlframework\sdlframework\debug\vector.obj
c:\users\rel\documents\github\kmint\framework\sdlframework\sdlframework\debug\vertex.obj
c:\users\rel\documents\github\kmint\framework\sdlframework\sdlframework\debug\globals.obj
c:\users\rel\documents\github\kmint\framework\sdlframework\debug\sdlframework.pdb
c:\users\rel\documents\github\kmint\framework\sdlframework\sdlframework\debug\sdlframework.tlog\cl.command.1.tlog
c:\users\rel\documents\github\kmint\framework\sdlframework\sdlframework\debug\sdlframework.tlog\cl.read.1.tlog
c:\users\rel\documents\github\kmint\framework\sdlframework\sdlframework\debug\sdlframework.tlog\cl.write.1.tlog
c:\users\rel\documents\github\kmint\framework\sdlframework\sdlframework\debug\sdlframework.tlog\link-cvtres.read.1.tlog
c:\users\rel\documents\github\kmint\framework\sdlframework\sdlframework\debug\sdlframework.tlog\link-cvtres.write.1.tlog
c:\users\rel\documents\github\kmint\framework\sdlframework\sdlframework\debug\sdlframework.tlog\link-rc.read.1.tlog
c:\users\rel\documents\github\kmint\framework\sdlframework\sdlframework\debug\sdlframework.tlog\link-rc.write.1.tlog
c:\users\rel\documents\github\kmint\framework\sdlframework\sdlframework\debug\sdlframework.tlog\link.command.1.tlog
c:\users\rel\documents\github\kmint\framework\sdlframework\sdlframework\debug\sdlframework.tlog\link.read.1.tlog
c:\users\rel\documents\github\kmint\framework\sdlframework\sdlframework\debug\sdlframework.tlog\link.write.1.tlog
